# JRE version: OpenJDK Runtime Environment (17.0.2+8) (build 17.0.2+8-86)
# Java VM: OpenJDK 64-Bit Server VM (17.0.2+8-86, mixed mode, sharing, tiered, compressed oops, compressed class ptrs, g1 gc, windows-amd64)
GC Precious Log:
 CPUs: 20 total, 20 available
 Memory: 16053M
 Large Page Support: Disabled
 NUMA Support: Disabled
 Compressed Oops: Enabled (Zero based)
 Heap Region Size: 4M
 Heap Min Capacity: 8M
 Heap Initial Capacity: 252M
 Heap Max Capacity: 8G
 Pre-touch: Disabled
 Parallel Workers: 15
 Concurrent Workers: 4
 Concurrent Refinement Workers: 15
 Periodic GC: Disabled
Heap:
 garbage-first heap   total 1003520K, used 746335K [0x0000000600000000, 0x0000000800000000)
  region size 4096K, 105 young (430080K), 2 survivors (8192K)
 Metaspace       used 122590K, committed 124800K, reserved 1163264K
  class space    used 16916K, committed 17920K, reserved 1048576K
GC Heap History (20 events):
Event: 64.459 GC heap before
{Heap before GC invocations=73 (full 0):
 garbage-first heap   total 835584K, used 691545K [0x0000000600000000, 0x0000000800000000)
  region size 4096K, 47 young (192512K), 5 survivors (20480K)
 Metaspace       used 121585K, committed 123776K, reserved 1155072K
  class space    used 16855K, committed 17856K, reserved 1048576K
}
Event: 64.479 GC heap after
{Heap after GC invocations=74 (full 0):
 garbage-first heap   total 835584K, used 536079K [0x0000000600000000, 0x0000000800000000)
  region size 4096K, 4 young (16384K), 4 survivors (16384K)
 Metaspace       used 121585K, committed 123776K, reserved 1155072K
  class space    used 16855K, committed 17856K, reserved 1048576K
}
Event: 67.360 GC heap before
{Heap before GC invocations=74 (full 0):
 garbage-first heap   total 835584K, used 699919K [0x0000000600000000, 0x0000000800000000)
  region size 4096K, 44 young (180224K), 4 survivors (16384K)
 Metaspace       used 121758K, committed 123904K, reserved 1155072K
  class space    used 16867K, committed 17856K, reserved 1048576K
}
Event: 67.378 GC heap after
{Heap after GC invocations=75 (full 0):
 garbage-first heap   total 835584K, used 547606K [0x0000000600000000, 0x0000000800000000)
  region size 4096K, 3 young (12288K), 3 survivors (12288K)
 Metaspace       used 121758K, committed 123904K, reserved 1155072K
  class space    used 16867K, committed 17856K, reserved 1048576K
}
Event: 69.695 GC heap before
{Heap before GC invocations=75 (full 0):
 garbage-first heap   total 835584K, used 707350K [0x0000000600000000, 0x0000000800000000)
  region size 4096K, 42 young (172032K), 3 survivors (12288K)
 Metaspace       used 121963K, committed 124096K, reserved 1155072K
  class space    used 16871K, committed 17856K, reserved 1048576K
}
Event: 69.711 GC heap after
{Heap after GC invocations=76 (full 0):
 garbage-first heap   total 835584K, used 559408K [0x0000000600000000, 0x0000000800000000)
  region size 4096K, 6 young (24576K), 6 survivors (24576K)
 Metaspace       used 121963K, committed 124096K, reserved 1155072K
  class space    used 16871K, committed 17856K, reserved 1048576K
}
Event: 70.998 GC heap before
{Heap before GC invocations=76 (full 0):
 garbage-first heap   total 835584K, used 706864K [0x0000000600000000, 0x0000000800000000)
  region size 4096K, 42 young (172032K), 6 survivors (24576K)
 Metaspace       used 122105K, committed 124224K, reserved 1163264K
  class space    used 16873K, committed 17856K, reserved 1048576K
}
Event: 71.024 GC heap after
{Heap after GC invocations=77 (full 0):
 garbage-first heap   total 835584K, used 573272K [0x0000000600000000, 0x0000000800000000)
  region size 4096K, 4 young (16384K), 4 survivors (16384K)
 Metaspace       used 122105K, committed 124224K, reserved 1163264K
  class space    used 16873K, committed 17856K, reserved 1048576K
}
Event: 71.782 GC heap before
{Heap before GC invocations=77 (full 0):
 garbage-first heap   total 835584K, used 651096K [0x0000000600000000, 0x0000000800000000)
  region size 4096K, 24 young (98304K), 4 survivors (16384K)
 Metaspace       used 122223K, committed 124416K, reserved 1163264K
  class space    used 16876K, committed 17920K, reserved 1048576K
}
Event: 71.797 GC heap after
{Heap after GC invocations=78 (full 0):
 garbage-first heap   total 835584K, used 581747K [0x0000000600000000, 0x0000000800000000)
  region size 4096K, 3 young (12288K), 3 survivors (12288K)
 Metaspace       used 122223K, committed 124416K, reserved 1163264K
  class space    used 16876K, committed 17920K, reserved 1048576K
}
Event: 73.208 GC heap before
{Heap before GC invocations=79 (full 0):
 garbage-first heap   total 1003520K, used 700531K [0x0000000600000000, 0x0000000800000000)
  region size 4096K, 34 young (139264K), 3 survivors (12288K)
 Metaspace       used 122301K, committed 124544K, reserved 1163264K
  class space    used 16886K, committed 17920K, reserved 1048576K
}
Event: 73.225 GC heap after
{Heap after GC invocations=80 (full 0):
 garbage-first heap   total 1003520K, used 586103K [0x0000000600000000, 0x0000000800000000)
  region size 4096K, 5 young (20480K), 5 survivors (20480K)
 Metaspace       used 122301K, committed 124544K, reserved 1163264K
  class space    used 16886K, committed 17920K, reserved 1048576K
}
Event: 73.515 GC heap before
{Heap before GC invocations=80 (full 0):
 garbage-first heap   total 1003520K, used 610679K [0x0000000600000000, 0x0000000800000000)
  region size 4096K, 12 young (49152K), 5 survivors (20480K)
 Metaspace       used 122381K, committed 124608K, reserved 1163264K
  class space    used 16900K, committed 17920K, reserved 1048576K
}
Event: 73.527 GC heap after
{Heap after GC invocations=81 (full 0):
 garbage-first heap   total 1003520K, used 489212K [0x0000000600000000, 0x0000000800000000)
  region size 4096K, 2 young (8192K), 2 survivors (8192K)
 Metaspace       used 122381K, committed 124608K, reserved 1163264K
  class space    used 16900K, committed 17920K, reserved 1048576K
}
Event: 73.857 GC heap before
{Heap before GC invocations=81 (full 0):
 garbage-first heap   total 1003520K, used 530172K [0x0000000600000000, 0x0000000800000000)
  region size 4096K, 12 young (49152K), 2 survivors (8192K)
 Metaspace       used 122382K, committed 124608K, reserved 1163264K
  class space    used 16900K, committed 17920K, reserved 1048576K
}
Event: 73.875 GC heap after
{Heap after GC invocations=82 (full 0):
 garbage-first heap   total 1003520K, used 399546K [0x0000000600000000, 0x0000000800000000)
  region size 4096K, 2 young (8192K), 2 survivors (8192K)
 Metaspace       used 122382K, committed 124608K, reserved 1163264K
  class space    used 16900K, committed 17920K, reserved 1048576K
}
Event: 74.269 GC heap before
{Heap before GC invocations=82 (full 0):
 garbage-first heap   total 1003520K, used 440506K [0x0000000600000000, 0x0000000800000000)
  region size 4096K, 12 young (49152K), 2 survivors (8192K)
 Metaspace       used 122396K, committed 124608K, reserved 1163264K
  class space    used 16900K, committed 17920K, reserved 1048576K
}
Event: 74.350 GC heap after
{Heap after GC invocations=83 (full 0):
 garbage-first heap   total 1003520K, used 338525K [0x0000000600000000, 0x0000000800000000)
  region size 4096K, 2 young (8192K), 2 survivors (8192K)
 Metaspace       used 122396K, committed 124608K, reserved 1163264K
  class space    used 16900K, committed 17920K, reserved 1048576K
}
Event: 74.563 GC heap before
{Heap before GC invocations=83 (full 0):
 garbage-first heap   total 1003520K, used 379485K [0x0000000600000000, 0x0000000800000000)
  region size 4096K, 12 young (49152K), 2 survivors (8192K)
 Metaspace       used 122406K, committed 124608K, reserved 1163264K
  class space    used 16900K, committed 17920K, reserved 1048576K
}
Event: 74.586 GC heap after
{Heap after GC invocations=84 (full 0):
 garbage-first heap   total 1003520K, used 328543K [0x0000000600000000, 0x0000000800000000)
  region size 4096K, 2 young (8192K), 2 survivors (8192K)
 Metaspace       used 122406K, committed 124608K, reserved 1163264K
  class space    used 16900K, committed 17920K, reserved 1048576K
}

